[0.010s] Invoking command in '/home/kuba/ROS2/ROS2_Gazebo_Final_Project/build/final_project_description': CMAKE_PREFIX_PATH=${CMAKE_PREFIX_PATH}:/opt/ros/humble /usr/bin/cmake --build /home/kuba/ROS2/ROS2_Gazebo_Final_Project/build/final_project_description -- -j16 -l16
[0.061s] Invoked command in '/home/kuba/ROS2/ROS2_Gazebo_Final_Project/build/final_project_description' returned '0': CMAKE_PREFIX_PATH=${CMAKE_PREFIX_PATH}:/opt/ros/humble /usr/bin/cmake --build /home/kuba/ROS2/ROS2_Gazebo_Final_Project/build/final_project_description -- -j16 -l16
[0.081s] Invoking command in '/home/kuba/ROS2/ROS2_Gazebo_Final_Project/build/final_project_description': CMAKE_PREFIX_PATH=${CMAKE_PREFIX_PATH}:/opt/ros/humble /usr/bin/cmake --install /home/kuba/ROS2/ROS2_Gazebo_Final_Project/build/final_project_description
[0.086s] -- Install configuration: ""
[0.087s] -- Execute custom install script
[0.089s] -- Up-to-date symlink: /home/kuba/ROS2/ROS2_Gazebo_Final_Project/install/final_project_description/share/final_project_description//urdf/common_properties_final.xacro
[0.089s] -- Up-to-date symlink: /home/kuba/ROS2/ROS2_Gazebo_Final_Project/install/final_project_description/share/final_project_description//urdf/mobile_base_final.xacro
[0.089s] -- Up-to-date symlink: /home/kuba/ROS2/ROS2_Gazebo_Final_Project/install/final_project_description/share/final_project_description//urdf/mobile_base_gazebo_final.xacro
[0.089s] -- Up-to-date symlink: /home/kuba/ROS2/ROS2_Gazebo_Final_Project/install/final_project_description/share/final_project_description//urdf/my_robot_final.xacro
[0.090s] -- Up-to-date symlink: /home/kuba/ROS2/ROS2_Gazebo_Final_Project/install/final_project_description/share/final_project_description//urdf/robotic_arm_final.xacro
[0.090s] -- Up-to-date symlink: /home/kuba/ROS2/ROS2_Gazebo_Final_Project/install/final_project_description/share/final_project_description//launch/display_final.launch.xml
[0.091s] -- Up-to-date symlink: /home/kuba/ROS2/ROS2_Gazebo_Final_Project/install/final_project_description/share/final_project_description//rviz/rviz_config_final.rviz
[0.091s] -- Up-to-date symlink: /home/kuba/ROS2/ROS2_Gazebo_Final_Project/install/final_project_description/share/ament_index/resource_index/package_run_dependencies/final_project_description
[0.092s] -- Up-to-date symlink: /home/kuba/ROS2/ROS2_Gazebo_Final_Project/install/final_project_description/share/ament_index/resource_index/parent_prefix_path/final_project_description
[0.092s] -- Up-to-date symlink: /home/kuba/ROS2/ROS2_Gazebo_Final_Project/install/final_project_description/share/final_project_description/environment/ament_prefix_path.sh
[0.092s] -- Up-to-date symlink: /home/kuba/ROS2/ROS2_Gazebo_Final_Project/install/final_project_description/share/final_project_description/environment/ament_prefix_path.dsv
[0.093s] -- Up-to-date symlink: /home/kuba/ROS2/ROS2_Gazebo_Final_Project/install/final_project_description/share/final_project_description/environment/path.sh
[0.093s] -- Up-to-date symlink: /home/kuba/ROS2/ROS2_Gazebo_Final_Project/install/final_project_description/share/final_project_description/environment/path.dsv
[0.093s] -- Up-to-date symlink: /home/kuba/ROS2/ROS2_Gazebo_Final_Project/install/final_project_description/share/final_project_description/local_setup.bash
[0.093s] -- Up-to-date symlink: /home/kuba/ROS2/ROS2_Gazebo_Final_Project/install/final_project_description/share/final_project_description/local_setup.sh
[0.094s] -- Up-to-date symlink: /home/kuba/ROS2/ROS2_Gazebo_Final_Project/install/final_project_description/share/final_project_description/local_setup.zsh
[0.094s] -- Up-to-date symlink: /home/kuba/ROS2/ROS2_Gazebo_Final_Project/install/final_project_description/share/final_project_description/local_setup.dsv
[0.094s] -- Symlinking: /home/kuba/ROS2/ROS2_Gazebo_Final_Project/install/final_project_description/share/final_project_description/package.dsv
[0.100s] -- Up-to-date symlink: /home/kuba/ROS2/ROS2_Gazebo_Final_Project/install/final_project_description/share/ament_index/resource_index/packages/final_project_description
[0.100s] -- Up-to-date symlink: /home/kuba/ROS2/ROS2_Gazebo_Final_Project/install/final_project_description/share/final_project_description/cmake/final_project_descriptionConfig.cmake
[0.100s] -- Up-to-date symlink: /home/kuba/ROS2/ROS2_Gazebo_Final_Project/install/final_project_description/share/final_project_description/cmake/final_project_descriptionConfig-version.cmake
[0.100s] -- Up-to-date symlink: /home/kuba/ROS2/ROS2_Gazebo_Final_Project/install/final_project_description/share/final_project_description/package.xml
[0.116s] Invoked command in '/home/kuba/ROS2/ROS2_Gazebo_Final_Project/build/final_project_description' returned '0': CMAKE_PREFIX_PATH=${CMAKE_PREFIX_PATH}:/opt/ros/humble /usr/bin/cmake --install /home/kuba/ROS2/ROS2_Gazebo_Final_Project/build/final_project_description
