[0.008s] Invoking command in '/home/kuba/ROS2/ROS2_Gazebo_Final_Project/build/final_project_description': CMAKE_PREFIX_PATH=${CMAKE_PREFIX_PATH}:/opt/ros/humble /usr/bin/cmake --build /home/kuba/ROS2/ROS2_Gazebo_Final_Project/build/final_project_description -- -j16 -l16
[0.024s] -- Found ament_cmake: 1.3.10 (/opt/ros/humble/share/ament_cmake/cmake)
[0.150s] -- Configuring done
[0.152s] -- Generating done
[0.153s] -- Build files have been written to: /home/kuba/ROS2/ROS2_Gazebo_Final_Project/build/final_project_description
[0.168s] Invoked command in '/home/kuba/ROS2/ROS2_Gazebo_Final_Project/build/final_project_description' returned '0': CMAKE_PREFIX_PATH=${CMAKE_PREFIX_PATH}:/opt/ros/humble /usr/bin/cmake --build /home/kuba/ROS2/ROS2_Gazebo_Final_Project/build/final_project_description -- -j16 -l16
[0.188s] Invoking command in '/home/kuba/ROS2/ROS2_Gazebo_Final_Project/build/final_project_description': CMAKE_PREFIX_PATH=${CMAKE_PREFIX_PATH}:/opt/ros/humble /usr/bin/cmake --install /home/kuba/ROS2/ROS2_Gazebo_Final_Project/build/final_project_description
[0.193s] -- Install configuration: ""
[0.193s] -- Up-to-date: /home/kuba/ROS2/ROS2_Gazebo_Final_Project/install/final_project_description/share/final_project_description//urdf
[0.193s] -- Installing: /home/kuba/ROS2/ROS2_Gazebo_Final_Project/install/final_project_description/share/final_project_description//urdf/my_robot_final.xacro
[0.193s] -- Installing: /home/kuba/ROS2/ROS2_Gazebo_Final_Project/install/final_project_description/share/final_project_description//urdf/common_properties_final.xacro
[0.193s] -- Installing: /home/kuba/ROS2/ROS2_Gazebo_Final_Project/install/final_project_description/share/final_project_description//urdf/mobile_base_gazebo_final.xacro
[0.193s] -- Installing: /home/kuba/ROS2/ROS2_Gazebo_Final_Project/install/final_project_description/share/final_project_description//urdf/mobile_base_final.xacro
[0.193s] -- Up-to-date: /home/kuba/ROS2/ROS2_Gazebo_Final_Project/install/final_project_description/share/final_project_description//launch
[0.193s] -- Installing: /home/kuba/ROS2/ROS2_Gazebo_Final_Project/install/final_project_description/share/final_project_description//launch/display.launch.xml
[0.193s] -- Up-to-date: /home/kuba/ROS2/ROS2_Gazebo_Final_Project/install/final_project_description/share/final_project_description//rviz
[0.193s] -- Up-to-date: /home/kuba/ROS2/ROS2_Gazebo_Final_Project/install/final_project_description/share/ament_index/resource_index/package_run_dependencies/final_project_description
[0.193s] -- Installing: /home/kuba/ROS2/ROS2_Gazebo_Final_Project/install/final_project_description/share/ament_index/resource_index/parent_prefix_path/final_project_description
[0.193s] -- Up-to-date: /home/kuba/ROS2/ROS2_Gazebo_Final_Project/install/final_project_description/share/final_project_description/environment/ament_prefix_path.sh
[0.194s] -- Installing: /home/kuba/ROS2/ROS2_Gazebo_Final_Project/install/final_project_description/share/final_project_description/environment/ament_prefix_path.dsv
[0.194s] -- Up-to-date: /home/kuba/ROS2/ROS2_Gazebo_Final_Project/install/final_project_description/share/final_project_description/environment/path.sh
[0.194s] -- Installing: /home/kuba/ROS2/ROS2_Gazebo_Final_Project/install/final_project_description/share/final_project_description/environment/path.dsv
[0.194s] -- Up-to-date: /home/kuba/ROS2/ROS2_Gazebo_Final_Project/install/final_project_description/share/final_project_description/local_setup.bash
[0.194s] -- Up-to-date: /home/kuba/ROS2/ROS2_Gazebo_Final_Project/install/final_project_description/share/final_project_description/local_setup.sh
[0.194s] -- Up-to-date: /home/kuba/ROS2/ROS2_Gazebo_Final_Project/install/final_project_description/share/final_project_description/local_setup.zsh
[0.194s] -- Installing: /home/kuba/ROS2/ROS2_Gazebo_Final_Project/install/final_project_description/share/final_project_description/local_setup.dsv
[0.194s] -- Installing: /home/kuba/ROS2/ROS2_Gazebo_Final_Project/install/final_project_description/share/final_project_description/package.dsv
[0.194s] -- Up-to-date: /home/kuba/ROS2/ROS2_Gazebo_Final_Project/install/final_project_description/share/ament_index/resource_index/packages/final_project_description
[0.194s] -- Up-to-date: /home/kuba/ROS2/ROS2_Gazebo_Final_Project/install/final_project_description/share/final_project_description/cmake/final_project_descriptionConfig.cmake
[0.194s] -- Up-to-date: /home/kuba/ROS2/ROS2_Gazebo_Final_Project/install/final_project_description/share/final_project_description/cmake/final_project_descriptionConfig-version.cmake
[0.194s] -- Installing: /home/kuba/ROS2/ROS2_Gazebo_Final_Project/install/final_project_description/share/final_project_description/package.xml
[0.195s] Invoked command in '/home/kuba/ROS2/ROS2_Gazebo_Final_Project/build/final_project_description' returned '0': CMAKE_PREFIX_PATH=${CMAKE_PREFIX_PATH}:/opt/ros/humble /usr/bin/cmake --install /home/kuba/ROS2/ROS2_Gazebo_Final_Project/build/final_project_description
