[0.008s] Invoking command in '/home/kuba/ROS2/ROS2_Gazebo_Final_Project/build/my_robot_description': CMAKE_PREFIX_PATH=${CMAKE_PREFIX_PATH}:/opt/ros/humble /usr/bin/cmake --build /home/kuba/ROS2/ROS2_Gazebo_Final_Project/build/my_robot_description -- -j16 -l16
[0.024s] -- Found ament_cmake: 1.3.10 (/opt/ros/humble/share/ament_cmake/cmake)
[0.103s] -- Override CMake install command with custom implementation using symlinks instead of copying resources
[0.157s] -- Configuring done
[0.159s] -- Generating done
[0.160s] -- Build files have been written to: /home/kuba/ROS2/ROS2_Gazebo_Final_Project/build/my_robot_description
[0.174s] Invoked command in '/home/kuba/ROS2/ROS2_Gazebo_Final_Project/build/my_robot_description' returned '0': CMAKE_PREFIX_PATH=${CMAKE_PREFIX_PATH}:/opt/ros/humble /usr/bin/cmake --build /home/kuba/ROS2/ROS2_Gazebo_Final_Project/build/my_robot_description -- -j16 -l16
[0.194s] Invoking command in '/home/kuba/ROS2/ROS2_Gazebo_Final_Project/build/my_robot_description': CMAKE_PREFIX_PATH=${CMAKE_PREFIX_PATH}:/opt/ros/humble /usr/bin/cmake --install /home/kuba/ROS2/ROS2_Gazebo_Final_Project/build/my_robot_description
[0.199s] -- Install configuration: ""
[0.199s] -- Execute custom install script
[0.199s] -- Up-to-date symlink: /home/kuba/ROS2/ROS2_Gazebo_Final_Project/install/my_robot_description/share/ament_index/resource_index/package_run_dependencies/my_robot_description
[0.200s] -- Up-to-date symlink: /home/kuba/ROS2/ROS2_Gazebo_Final_Project/install/my_robot_description/share/ament_index/resource_index/parent_prefix_path/my_robot_description
[0.200s] -- Up-to-date symlink: /home/kuba/ROS2/ROS2_Gazebo_Final_Project/install/my_robot_description/share/my_robot_description/environment/ament_prefix_path.sh
[0.200s] -- Up-to-date symlink: /home/kuba/ROS2/ROS2_Gazebo_Final_Project/install/my_robot_description/share/my_robot_description/environment/ament_prefix_path.dsv
[0.200s] -- Up-to-date symlink: /home/kuba/ROS2/ROS2_Gazebo_Final_Project/install/my_robot_description/share/my_robot_description/environment/path.sh
[0.200s] -- Up-to-date symlink: /home/kuba/ROS2/ROS2_Gazebo_Final_Project/install/my_robot_description/share/my_robot_description/environment/path.dsv
[0.200s] -- Up-to-date symlink: /home/kuba/ROS2/ROS2_Gazebo_Final_Project/install/my_robot_description/share/my_robot_description/local_setup.bash
[0.200s] -- Up-to-date symlink: /home/kuba/ROS2/ROS2_Gazebo_Final_Project/install/my_robot_description/share/my_robot_description/local_setup.sh
[0.200s] -- Up-to-date symlink: /home/kuba/ROS2/ROS2_Gazebo_Final_Project/install/my_robot_description/share/my_robot_description/local_setup.zsh
[0.200s] -- Up-to-date symlink: /home/kuba/ROS2/ROS2_Gazebo_Final_Project/install/my_robot_description/share/my_robot_description/local_setup.dsv
[0.201s] -- Symlinking: /home/kuba/ROS2/ROS2_Gazebo_Final_Project/install/my_robot_description/share/my_robot_description/package.dsv
[0.206s] -- Up-to-date symlink: /home/kuba/ROS2/ROS2_Gazebo_Final_Project/install/my_robot_description/share/ament_index/resource_index/packages/my_robot_description
[0.206s] -- Up-to-date symlink: /home/kuba/ROS2/ROS2_Gazebo_Final_Project/install/my_robot_description/share/my_robot_description/cmake/my_robot_descriptionConfig.cmake
[0.207s] -- Up-to-date symlink: /home/kuba/ROS2/ROS2_Gazebo_Final_Project/install/my_robot_description/share/my_robot_description/cmake/my_robot_descriptionConfig-version.cmake
[0.207s] -- Up-to-date symlink: /home/kuba/ROS2/ROS2_Gazebo_Final_Project/install/my_robot_description/share/my_robot_description/package.xml
[0.208s] Invoked command in '/home/kuba/ROS2/ROS2_Gazebo_Final_Project/build/my_robot_description' returned '0': CMAKE_PREFIX_PATH=${CMAKE_PREFIX_PATH}:/opt/ros/humble /usr/bin/cmake --install /home/kuba/ROS2/ROS2_Gazebo_Final_Project/build/my_robot_description
