[0.008s] Invoking command in '/home/kuba/ROS2/ROS2_Gazebo_Final_Project/build/my_robot_description': CMAKE_PREFIX_PATH=${CMAKE_PREFIX_PATH}:/opt/ros/humble /usr/bin/cmake /home/kuba/ROS2/ROS2_Gazebo_Final_Project/src/my_robot_description -DCMAKE_INSTALL_PREFIX=/home/kuba/ROS2/ROS2_Gazebo_Final_Project/install/my_robot_description
[0.017s] -- Found ament_cmake: 1.3.10 (/opt/ros/humble/share/ament_cmake/cmake)
[0.097s] -- Override CMake install command with custom implementation using symlinks instead of copying resources
[0.148s] -- Configuring done
[0.150s] -- Generating done
[0.151s] -- Build files have been written to: /home/kuba/ROS2/ROS2_Gazebo_Final_Project/build/my_robot_description
[0.152s] Invoked command in '/home/kuba/ROS2/ROS2_Gazebo_Final_Project/build/my_robot_description' returned '0': CMAKE_PREFIX_PATH=${CMAKE_PREFIX_PATH}:/opt/ros/humble /usr/bin/cmake /home/kuba/ROS2/ROS2_Gazebo_Final_Project/src/my_robot_description -DCMAKE_INSTALL_PREFIX=/home/kuba/ROS2/ROS2_Gazebo_Final_Project/install/my_robot_description
[0.154s] Invoking command in '/home/kuba/ROS2/ROS2_Gazebo_Final_Project/build/my_robot_description': CMAKE_PREFIX_PATH=${CMAKE_PREFIX_PATH}:/opt/ros/humble /usr/bin/cmake --build /home/kuba/ROS2/ROS2_Gazebo_Final_Project/build/my_robot_description -- -j16 -l16
[0.177s] Invoked command in '/home/kuba/ROS2/ROS2_Gazebo_Final_Project/build/my_robot_description' returned '0': CMAKE_PREFIX_PATH=${CMAKE_PREFIX_PATH}:/opt/ros/humble /usr/bin/cmake --build /home/kuba/ROS2/ROS2_Gazebo_Final_Project/build/my_robot_description -- -j16 -l16
[0.197s] Invoking command in '/home/kuba/ROS2/ROS2_Gazebo_Final_Project/build/my_robot_description': CMAKE_PREFIX_PATH=${CMAKE_PREFIX_PATH}:/opt/ros/humble /usr/bin/cmake --install /home/kuba/ROS2/ROS2_Gazebo_Final_Project/build/my_robot_description
[0.202s] -- Install configuration: ""
[0.202s] -- Execute custom install script
[0.203s] -- Up-to-date symlink: /home/kuba/ROS2/ROS2_Gazebo_Final_Project/install/my_robot_description/share/ament_index/resource_index/package_run_dependencies/my_robot_description
[0.203s] -- Up-to-date symlink: /home/kuba/ROS2/ROS2_Gazebo_Final_Project/install/my_robot_description/share/ament_index/resource_index/parent_prefix_path/my_robot_description
[0.203s] -- Up-to-date symlink: /home/kuba/ROS2/ROS2_Gazebo_Final_Project/install/my_robot_description/share/my_robot_description/environment/ament_prefix_path.sh
[0.203s] -- Up-to-date symlink: /home/kuba/ROS2/ROS2_Gazebo_Final_Project/install/my_robot_description/share/my_robot_description/environment/ament_prefix_path.dsv
[0.203s] -- Up-to-date symlink: /home/kuba/ROS2/ROS2_Gazebo_Final_Project/install/my_robot_description/share/my_robot_description/environment/path.sh
[0.203s] -- Up-to-date symlink: /home/kuba/ROS2/ROS2_Gazebo_Final_Project/install/my_robot_description/share/my_robot_description/environment/path.dsv
[0.203s] -- Up-to-date symlink: /home/kuba/ROS2/ROS2_Gazebo_Final_Project/install/my_robot_description/share/my_robot_description/local_setup.bash
[0.204s] -- Up-to-date symlink: /home/kuba/ROS2/ROS2_Gazebo_Final_Project/install/my_robot_description/share/my_robot_description/local_setup.sh
[0.204s] -- Up-to-date symlink: /home/kuba/ROS2/ROS2_Gazebo_Final_Project/install/my_robot_description/share/my_robot_description/local_setup.zsh
[0.204s] -- Up-to-date symlink: /home/kuba/ROS2/ROS2_Gazebo_Final_Project/install/my_robot_description/share/my_robot_description/local_setup.dsv
[0.204s] -- Symlinking: /home/kuba/ROS2/ROS2_Gazebo_Final_Project/install/my_robot_description/share/my_robot_description/package.dsv
[0.209s] -- Up-to-date symlink: /home/kuba/ROS2/ROS2_Gazebo_Final_Project/install/my_robot_description/share/ament_index/resource_index/packages/my_robot_description
[0.210s] -- Up-to-date symlink: /home/kuba/ROS2/ROS2_Gazebo_Final_Project/install/my_robot_description/share/my_robot_description/cmake/my_robot_descriptionConfig.cmake
[0.210s] -- Up-to-date symlink: /home/kuba/ROS2/ROS2_Gazebo_Final_Project/install/my_robot_description/share/my_robot_description/cmake/my_robot_descriptionConfig-version.cmake
[0.210s] -- Up-to-date symlink: /home/kuba/ROS2/ROS2_Gazebo_Final_Project/install/my_robot_description/share/my_robot_description/package.xml
[0.211s] Invoked command in '/home/kuba/ROS2/ROS2_Gazebo_Final_Project/build/my_robot_description' returned '0': CMAKE_PREFIX_PATH=${CMAKE_PREFIX_PATH}:/opt/ros/humble /usr/bin/cmake --install /home/kuba/ROS2/ROS2_Gazebo_Final_Project/build/my_robot_description
