[0.008s] Invoking command in '/home/kuba/ROS2/ROS2_Gazebo_Final_Project/build/my_robot_description': /usr/bin/cmake /home/kuba/ROS2/ROS2_Gazebo_Final_Project/src/my_robot_description -DCMAKE_INSTALL_PREFIX=/home/kuba/ROS2/ROS2_Gazebo_Final_Project/install/my_robot_description
[0.044s] -- The C compiler identification is GNU 11.4.0
[0.082s] -- The CXX compiler identification is GNU 11.4.0
[0.087s] -- Detecting C compiler ABI info
[0.135s] -- Detecting C compiler ABI info - done
[0.141s] -- Check for working C compiler: /usr/bin/cc - skipped
[0.141s] -- Detecting C compile features
[0.141s] -- Detecting C compile features - done
[0.143s] -- Detecting CXX compiler ABI info
[0.204s] -- Detecting CXX compiler ABI info - done
[0.211s] -- Check for working CXX compiler: /usr/bin/c++ - skipped
[0.211s] -- Detecting CXX compile features
[0.212s] -- Detecting CXX compile features - done
[0.213s] -- Found ament_cmake: 1.3.10 (/opt/ros/humble/share/ament_cmake/cmake)
[0.318s] -- Found Python3: /usr/bin/python3 (found version "3.10.12") found components: Interpreter 
[0.416s] Error parsing '/home/kuba/ROS2/ROS2_Gazebo_Final_Project/src/my_robot_description/package.xml':
[0.448s] Traceback (most recent call last):
[0.448s]   File "/opt/ros/humble/share/ament_cmake_core/cmake/core/package_xml_2_cmake.py", line 150, in <module>
[0.448s]     main()
[0.448s]   File "/opt/ros/humble/share/ament_cmake_core/cmake/core/package_xml_2_cmake.py", line 53, in main
[0.448s]     raise e
[0.448s]   File "/opt/ros/humble/share/ament_cmake_core/cmake/core/package_xml_2_cmake.py", line 49, in main
[0.448s]     package = parse_package_string(
[0.448s]   File "/usr/lib/python3/dist-packages/catkin_pkg/package.py", line 788, in parse_package_string
[0.450s]     pkg.validate(warnings=warnings)
[0.450s]   File "/usr/lib/python3/dist-packages/catkin_pkg/package.py", line 330, in validate
[0.450s]     raise InvalidPackage('\n'.join(errors), self.filename)
[0.451s] catkin_pkg.package.InvalidPackage: Error(s) in package '/home/kuba/ROS2/ROS2_Gazebo_Final_Project/src/my_robot_description/package.xml':
[0.451s] The package "my_robot_description" must not "exec_depend" on a package with the same name as this package
[0.460s] [31mCMake Error at /opt/ros/humble/share/ament_cmake_core/cmake/core/ament_package_xml.cmake:95 (message):
[0.460s]   execute_process(/usr/bin/python3
[0.460s]   /opt/ros/humble/share/ament_cmake_core/cmake/core/package_xml_2_cmake.py
[0.460s]   /home/kuba/ROS2/ROS2_Gazebo_Final_Project/src/my_robot_description/package.xml
[0.460s]   /home/kuba/ROS2/ROS2_Gazebo_Final_Project/build/my_robot_description/ament_cmake_core/package.cmake)
[0.460s]   returned error code 1
[0.460s] Call Stack (most recent call first):
[0.460s]   /opt/ros/humble/share/ament_cmake_core/cmake/core/ament_package_xml.cmake:49 (_ament_package_xml)
[0.460s]   /opt/ros/humble/share/ament_cmake_core/cmake/core/ament_package.cmake:63 (ament_package_xml)
[0.460s]   CMakeLists.txt:16 (ament_package)
[0.460s] 
[0.460s] [0m
[0.460s] -- Configuring incomplete, errors occurred!
[0.460s] See also "/home/kuba/ROS2/ROS2_Gazebo_Final_Project/build/my_robot_description/CMakeFiles/CMakeOutput.log".
[0.463s] Invoked command in '/home/kuba/ROS2/ROS2_Gazebo_Final_Project/build/my_robot_description' returned '1': /usr/bin/cmake /home/kuba/ROS2/ROS2_Gazebo_Final_Project/src/my_robot_description -DCMAKE_INSTALL_PREFIX=/home/kuba/ROS2/ROS2_Gazebo_Final_Project/install/my_robot_description
