-- The C compiler identification is GNU 11.4.0
-- The CXX compiler identification is GNU 11.4.0
-- Detecting C compiler ABI info
-- Detecting C compiler ABI info - done
-- Check for working C compiler: /usr/bin/cc - skipped
-- Detecting C compile features
-- Detecting C compile features - done
-- Detecting CXX compiler ABI info
-- Detecting CXX compiler ABI info - done
-- Check for working CXX compiler: /usr/bin/c++ - skipped
-- Detecting CXX compile features
-- Detecting CXX compile features - done
-- Found ament_cmake: 1.3.10 (/opt/ros/humble/share/ament_cmake/cmake)
-- Found Python3: /usr/bin/python3 (found version "3.10.12") found components: Interpreter 
-- Override CMake install command with custom implementation using symlinks instead of copying resources
-- Configuring done
-- Generating done
-- Build files have been written to: /home/kuba/ROS2/ROS2_Gazebo_Final_Project/build/final_project_bringup
-- Install configuration: ""
-- Execute custom install script
-- Symlinking: /home/kuba/ROS2/ROS2_Gazebo_Final_Project/install/final_project_bringup/share/final_project_bringup//launch/my_robot_gazebo.launch.xml
-- Symlinking: /home/kuba/ROS2/ROS2_Gazebo_Final_Project/install/final_project_bringup/share/final_project_bringup//rviz/rviz_config_final.rviz
-- Symlinking: /home/kuba/ROS2/ROS2_Gazebo_Final_Project/install/final_project_bringup/share/final_project_bringup//worlds/main.world
-- Symlinking: /home/kuba/ROS2/ROS2_Gazebo_Final_Project/install/final_project_bringup/share/ament_index/resource_index/package_run_dependencies/final_project_bringup
-- Symlinking: /home/kuba/ROS2/ROS2_Gazebo_Final_Project/install/final_project_bringup/share/ament_index/resource_index/parent_prefix_path/final_project_bringup
-- Symlinking: /home/kuba/ROS2/ROS2_Gazebo_Final_Project/install/final_project_bringup/share/final_project_bringup/environment/ament_prefix_path.sh
-- Symlinking: /home/kuba/ROS2/ROS2_Gazebo_Final_Project/install/final_project_bringup/share/final_project_bringup/environment/ament_prefix_path.dsv
-- Symlinking: /home/kuba/ROS2/ROS2_Gazebo_Final_Project/install/final_project_bringup/share/final_project_bringup/environment/path.sh
-- Symlinking: /home/kuba/ROS2/ROS2_Gazebo_Final_Project/install/final_project_bringup/share/final_project_bringup/environment/path.dsv
-- Symlinking: /home/kuba/ROS2/ROS2_Gazebo_Final_Project/install/final_project_bringup/share/final_project_bringup/local_setup.bash
-- Symlinking: /home/kuba/ROS2/ROS2_Gazebo_Final_Project/install/final_project_bringup/share/final_project_bringup/local_setup.sh
-- Symlinking: /home/kuba/ROS2/ROS2_Gazebo_Final_Project/install/final_project_bringup/share/final_project_bringup/local_setup.zsh
-- Symlinking: /home/kuba/ROS2/ROS2_Gazebo_Final_Project/install/final_project_bringup/share/final_project_bringup/local_setup.dsv
-- Symlinking: /home/kuba/ROS2/ROS2_Gazebo_Final_Project/install/final_project_bringup/share/final_project_bringup/package.dsv
-- Symlinking: /home/kuba/ROS2/ROS2_Gazebo_Final_Project/install/final_project_bringup/share/ament_index/resource_index/packages/final_project_bringup
-- Symlinking: /home/kuba/ROS2/ROS2_Gazebo_Final_Project/install/final_project_bringup/share/final_project_bringup/cmake/final_project_bringupConfig.cmake
-- Symlinking: /home/kuba/ROS2/ROS2_Gazebo_Final_Project/install/final_project_bringup/share/final_project_bringup/cmake/final_project_bringupConfig-version.cmake
-- Symlinking: /home/kuba/ROS2/ROS2_Gazebo_Final_Project/install/final_project_bringup/share/final_project_bringup/package.xml
