[0.010s] Invoking command in '/home/kuba/ROS2/ROS2_Gazebo_Final_Project/build/final_project_bringup': CMAKE_PREFIX_PATH=${CMAKE_PREFIX_PATH}:/opt/ros/humble /usr/bin/cmake /home/kuba/ROS2/ROS2_Gazebo_Final_Project/src/final_project_bringup -DAMENT_CMAKE_SYMLINK_INSTALL=1 -DCMAKE_INSTALL_PREFIX=/home/kuba/ROS2/ROS2_Gazebo_Final_Project/install/final_project_bringup
[0.048s] -- The C compiler identification is GNU 11.4.0
[0.088s] -- The CXX compiler identification is GNU 11.4.0
[0.093s] -- Detecting C compiler ABI info
[0.138s] -- Detecting C compiler ABI info - done
[0.144s] -- Check for working C compiler: /usr/bin/cc - skipped
[0.144s] -- Detecting C compile features
[0.145s] -- Detecting C compile features - done
[0.147s] -- Detecting CXX compiler ABI info
[0.207s] -- Detecting CXX compiler ABI info - done
[0.214s] -- Check for working CXX compiler: /usr/bin/c++ - skipped
[0.214s] -- Detecting CXX compile features
[0.215s] -- Detecting CXX compile features - done
[0.217s] -- Found ament_cmake: 1.3.10 (/opt/ros/humble/share/ament_cmake/cmake)
[0.321s] -- Found Python3: /usr/bin/python3 (found version "3.10.12") found components: Interpreter 
[0.363s] -- Override CMake install command with custom implementation using symlinks instead of copying resources
[0.424s] -- Configuring done
[0.425s] -- Generating done
[0.426s] -- Build files have been written to: /home/kuba/ROS2/ROS2_Gazebo_Final_Project/build/final_project_bringup
[0.429s] Invoked command in '/home/kuba/ROS2/ROS2_Gazebo_Final_Project/build/final_project_bringup' returned '0': CMAKE_PREFIX_PATH=${CMAKE_PREFIX_PATH}:/opt/ros/humble /usr/bin/cmake /home/kuba/ROS2/ROS2_Gazebo_Final_Project/src/final_project_bringup -DAMENT_CMAKE_SYMLINK_INSTALL=1 -DCMAKE_INSTALL_PREFIX=/home/kuba/ROS2/ROS2_Gazebo_Final_Project/install/final_project_bringup
[0.430s] Invoking command in '/home/kuba/ROS2/ROS2_Gazebo_Final_Project/build/final_project_bringup': CMAKE_PREFIX_PATH=${CMAKE_PREFIX_PATH}:/opt/ros/humble /usr/bin/cmake --build /home/kuba/ROS2/ROS2_Gazebo_Final_Project/build/final_project_bringup -- -j16 -l16
[0.453s] Invoked command in '/home/kuba/ROS2/ROS2_Gazebo_Final_Project/build/final_project_bringup' returned '0': CMAKE_PREFIX_PATH=${CMAKE_PREFIX_PATH}:/opt/ros/humble /usr/bin/cmake --build /home/kuba/ROS2/ROS2_Gazebo_Final_Project/build/final_project_bringup -- -j16 -l16
[0.468s] Invoking command in '/home/kuba/ROS2/ROS2_Gazebo_Final_Project/build/final_project_bringup': CMAKE_PREFIX_PATH=${CMAKE_PREFIX_PATH}:/opt/ros/humble /usr/bin/cmake --install /home/kuba/ROS2/ROS2_Gazebo_Final_Project/build/final_project_bringup
[0.473s] -- Install configuration: ""
[0.474s] -- Execute custom install script
[0.474s] -- Symlinking: /home/kuba/ROS2/ROS2_Gazebo_Final_Project/install/final_project_bringup/share/final_project_bringup//launch/my_robot_gazebo.launch.xml
[0.481s] -- Symlinking: /home/kuba/ROS2/ROS2_Gazebo_Final_Project/install/final_project_bringup/share/final_project_bringup//rviz/rviz_config_final.rviz
[0.486s] -- Symlinking: /home/kuba/ROS2/ROS2_Gazebo_Final_Project/install/final_project_bringup/share/final_project_bringup//worlds/main.world
[0.492s] -- Symlinking: /home/kuba/ROS2/ROS2_Gazebo_Final_Project/install/final_project_bringup/share/ament_index/resource_index/package_run_dependencies/final_project_bringup
[0.497s] -- Symlinking: /home/kuba/ROS2/ROS2_Gazebo_Final_Project/install/final_project_bringup/share/ament_index/resource_index/parent_prefix_path/final_project_bringup
[0.503s] -- Symlinking: /home/kuba/ROS2/ROS2_Gazebo_Final_Project/install/final_project_bringup/share/final_project_bringup/environment/ament_prefix_path.sh
[0.508s] -- Symlinking: /home/kuba/ROS2/ROS2_Gazebo_Final_Project/install/final_project_bringup/share/final_project_bringup/environment/ament_prefix_path.dsv
[0.513s] -- Symlinking: /home/kuba/ROS2/ROS2_Gazebo_Final_Project/install/final_project_bringup/share/final_project_bringup/environment/path.sh
[0.519s] -- Symlinking: /home/kuba/ROS2/ROS2_Gazebo_Final_Project/install/final_project_bringup/share/final_project_bringup/environment/path.dsv
[0.524s] -- Symlinking: /home/kuba/ROS2/ROS2_Gazebo_Final_Project/install/final_project_bringup/share/final_project_bringup/local_setup.bash
[0.529s] -- Symlinking: /home/kuba/ROS2/ROS2_Gazebo_Final_Project/install/final_project_bringup/share/final_project_bringup/local_setup.sh
[0.535s] -- Symlinking: /home/kuba/ROS2/ROS2_Gazebo_Final_Project/install/final_project_bringup/share/final_project_bringup/local_setup.zsh
[0.540s] -- Symlinking: /home/kuba/ROS2/ROS2_Gazebo_Final_Project/install/final_project_bringup/share/final_project_bringup/local_setup.dsv
[0.545s] -- Symlinking: /home/kuba/ROS2/ROS2_Gazebo_Final_Project/install/final_project_bringup/share/final_project_bringup/package.dsv
[0.550s] -- Symlinking: /home/kuba/ROS2/ROS2_Gazebo_Final_Project/install/final_project_bringup/share/ament_index/resource_index/packages/final_project_bringup
[0.556s] -- Symlinking: /home/kuba/ROS2/ROS2_Gazebo_Final_Project/install/final_project_bringup/share/final_project_bringup/cmake/final_project_bringupConfig.cmake
[0.561s] -- Symlinking: /home/kuba/ROS2/ROS2_Gazebo_Final_Project/install/final_project_bringup/share/final_project_bringup/cmake/final_project_bringupConfig-version.cmake
[0.566s] -- Symlinking: /home/kuba/ROS2/ROS2_Gazebo_Final_Project/install/final_project_bringup/share/final_project_bringup/package.xml
[0.573s] Invoked command in '/home/kuba/ROS2/ROS2_Gazebo_Final_Project/build/final_project_bringup' returned '0': CMAKE_PREFIX_PATH=${CMAKE_PREFIX_PATH}:/opt/ros/humble /usr/bin/cmake --install /home/kuba/ROS2/ROS2_Gazebo_Final_Project/build/final_project_bringup
