[0.076s] DEBUG:colcon:Command line arguments: ['/usr/bin/colcon', 'build']
[0.077s] DEBUG:colcon:Parsed command line arguments: Namespace(log_base=None, log_level=None, verb_name='build', build_base='build', install_base='install', merge_install=False, symlink_install=False, test_result_base=None, continue_on_error=False, executor='parallel', parallel_workers=16, event_handlers=None, ignore_user_meta=False, metas=['./colcon.meta'], base_paths=['.'], packages_ignore=None, packages_ignore_regex=None, paths=None, packages_up_to=None, packages_up_to_regex=None, packages_above=None, packages_above_and_dependencies=None, packages_above_depth=None, packages_select_by_dep=None, packages_skip_by_dep=None, packages_skip_up_to=None, packages_select_build_failed=False, packages_skip_build_finished=False, packages_select_test_failures=False, packages_skip_test_passed=False, packages_select=None, packages_skip=None, packages_select_regex=None, packages_skip_regex=None, packages_start=None, packages_end=None, allow_overriding=[], cmake_args=None, cmake_target=None, cmake_target_skip_unavailable=False, cmake_clean_cache=False, cmake_clean_first=False, cmake_force_configure=False, ament_cmake_args=None, catkin_cmake_args=None, catkin_skip_building_tests=False, verb_parser=<colcon_defaults.argument_parser.defaults.DefaultArgumentsDecorator object at 0x74590c134310>, verb_extension=<colcon_core.verb.build.BuildVerb object at 0x74590c2f7dc0>, main=<bound method BuildVerb.main of <colcon_core.verb.build.BuildVerb object at 0x74590c2f7dc0>>)
[0.192s] Level 1:colcon.colcon_core.package_discovery:discover_packages(colcon_meta) check parameters
[0.192s] Level 1:colcon.colcon_core.package_discovery:discover_packages(recursive) check parameters
[0.192s] Level 1:colcon.colcon_core.package_discovery:discover_packages(ignore) check parameters
[0.192s] Level 1:colcon.colcon_core.package_discovery:discover_packages(path) check parameters
[0.192s] Level 1:colcon.colcon_core.package_discovery:discover_packages(colcon_meta) discover
[0.192s] Level 1:colcon.colcon_core.package_discovery:discover_packages(recursive) discover
[0.193s] INFO:colcon.colcon_core.package_discovery:Crawling recursively for packages in '/home/kuba/ROS2/ROS2_Gazebo_Final_Project'
[0.193s] Level 1:colcon.colcon_core.package_identification:_identify(.) by extensions ['ignore', 'ignore_ament_install']
[0.193s] Level 1:colcon.colcon_core.package_identification:_identify(.) by extension 'ignore'
[0.193s] Level 1:colcon.colcon_core.package_identification:_identify(.) by extension 'ignore_ament_install'
[0.193s] Level 1:colcon.colcon_core.package_identification:_identify(.) by extensions ['colcon_pkg']
[0.193s] Level 1:colcon.colcon_core.package_identification:_identify(.) by extension 'colcon_pkg'
[0.193s] Level 1:colcon.colcon_core.package_identification:_identify(.) by extensions ['colcon_meta']
[0.193s] Level 1:colcon.colcon_core.package_identification:_identify(.) by extension 'colcon_meta'
[0.193s] Level 1:colcon.colcon_core.package_identification:_identify(.) by extensions ['ros']
[0.193s] Level 1:colcon.colcon_core.package_identification:_identify(.) by extension 'ros'
[0.201s] Level 1:colcon.colcon_core.package_identification:_identify(.) by extensions ['cmake', 'python']
[0.201s] Level 1:colcon.colcon_core.package_identification:_identify(.) by extension 'cmake'
[0.201s] Level 1:colcon.colcon_core.package_identification:_identify(.) by extension 'python'
[0.201s] Level 1:colcon.colcon_core.package_identification:_identify(.) by extensions ['python_setup_py']
[0.201s] Level 1:colcon.colcon_core.package_identification:_identify(.) by extension 'python_setup_py'
[0.201s] Level 1:colcon.colcon_core.package_identification:_identify(build) by extensions ['ignore', 'ignore_ament_install']
[0.201s] Level 1:colcon.colcon_core.package_identification:_identify(build) by extension 'ignore'
[0.201s] Level 1:colcon.colcon_core.package_identification:_identify(build) ignored
[0.201s] Level 1:colcon.colcon_core.package_identification:_identify(install) by extensions ['ignore', 'ignore_ament_install']
[0.201s] Level 1:colcon.colcon_core.package_identification:_identify(install) by extension 'ignore'
[0.201s] Level 1:colcon.colcon_core.package_identification:_identify(install) ignored
[0.201s] Level 1:colcon.colcon_core.package_identification:_identify(log) by extensions ['ignore', 'ignore_ament_install']
[0.202s] Level 1:colcon.colcon_core.package_identification:_identify(log) by extension 'ignore'
[0.202s] Level 1:colcon.colcon_core.package_identification:_identify(log) ignored
[0.202s] Level 1:colcon.colcon_core.package_identification:_identify(src) by extensions ['ignore', 'ignore_ament_install']
[0.202s] Level 1:colcon.colcon_core.package_identification:_identify(src) by extension 'ignore'
[0.202s] Level 1:colcon.colcon_core.package_identification:_identify(src) by extension 'ignore_ament_install'
[0.202s] Level 1:colcon.colcon_core.package_identification:_identify(src) by extensions ['colcon_pkg']
[0.202s] Level 1:colcon.colcon_core.package_identification:_identify(src) by extension 'colcon_pkg'
[0.202s] Level 1:colcon.colcon_core.package_identification:_identify(src) by extensions ['colcon_meta']
[0.202s] Level 1:colcon.colcon_core.package_identification:_identify(src) by extension 'colcon_meta'
[0.202s] Level 1:colcon.colcon_core.package_identification:_identify(src) by extensions ['ros']
[0.202s] Level 1:colcon.colcon_core.package_identification:_identify(src) by extension 'ros'
[0.202s] Level 1:colcon.colcon_core.package_identification:_identify(src) by extensions ['cmake', 'python']
[0.202s] Level 1:colcon.colcon_core.package_identification:_identify(src) by extension 'cmake'
[0.202s] Level 1:colcon.colcon_core.package_identification:_identify(src) by extension 'python'
[0.202s] Level 1:colcon.colcon_core.package_identification:_identify(src) by extensions ['python_setup_py']
[0.202s] Level 1:colcon.colcon_core.package_identification:_identify(src) by extension 'python_setup_py'
[0.202s] Level 1:colcon.colcon_core.package_identification:_identify(src/final_project_description) by extensions ['ignore', 'ignore_ament_install']
[0.202s] Level 1:colcon.colcon_core.package_identification:_identify(src/final_project_description) by extension 'ignore'
[0.202s] Level 1:colcon.colcon_core.package_identification:_identify(src/final_project_description) by extension 'ignore_ament_install'
[0.202s] Level 1:colcon.colcon_core.package_identification:_identify(src/final_project_description) by extensions ['colcon_pkg']
[0.202s] Level 1:colcon.colcon_core.package_identification:_identify(src/final_project_description) by extension 'colcon_pkg'
[0.202s] Level 1:colcon.colcon_core.package_identification:_identify(src/final_project_description) by extensions ['colcon_meta']
[0.202s] Level 1:colcon.colcon_core.package_identification:_identify(src/final_project_description) by extension 'colcon_meta'
[0.202s] Level 1:colcon.colcon_core.package_identification:_identify(src/final_project_description) by extensions ['ros']
[0.202s] Level 1:colcon.colcon_core.package_identification:_identify(src/final_project_description) by extension 'ros'
[0.205s] DEBUG:colcon.colcon_core.package_identification:Package 'src/final_project_description' with type 'ros.ament_cmake' and name 'final_project_description'
[0.205s] Level 1:colcon.colcon_core.package_discovery:discover_packages(recursive) using defaults
[0.205s] Level 1:colcon.colcon_core.package_discovery:discover_packages(ignore) discover
[0.205s] Level 1:colcon.colcon_core.package_discovery:discover_packages(ignore) using defaults
[0.205s] Level 1:colcon.colcon_core.package_discovery:discover_packages(path) discover
[0.205s] Level 1:colcon.colcon_core.package_discovery:discover_packages(path) using defaults
[0.218s] Level 1:colcon.colcon_core.package_discovery:discover_packages(prefix_path) check parameters
[0.218s] Level 1:colcon.colcon_core.package_discovery:discover_packages(prefix_path) discover
[0.219s] DEBUG:colcon.colcon_installed_package_information.package_discovery:Found 2 installed packages in /home/kuba/ROS2/ROS2_Gazebo/install
[0.220s] DEBUG:colcon.colcon_installed_package_information.package_discovery:Found 317 installed packages in /opt/ros/humble
[0.221s] Level 1:colcon.colcon_core.package_discovery:discover_packages(prefix_path) using defaults
[0.259s] Level 5:colcon.colcon_core.verb:set package 'final_project_description' build argument 'cmake_args' from command line to 'None'
[0.259s] Level 5:colcon.colcon_core.verb:set package 'final_project_description' build argument 'cmake_target' from command line to 'None'
[0.259s] Level 5:colcon.colcon_core.verb:set package 'final_project_description' build argument 'cmake_target_skip_unavailable' from command line to 'False'
[0.259s] Level 5:colcon.colcon_core.verb:set package 'final_project_description' build argument 'cmake_clean_cache' from command line to 'False'
[0.259s] Level 5:colcon.colcon_core.verb:set package 'final_project_description' build argument 'cmake_clean_first' from command line to 'False'
[0.259s] Level 5:colcon.colcon_core.verb:set package 'final_project_description' build argument 'cmake_force_configure' from command line to 'False'
[0.259s] Level 5:colcon.colcon_core.verb:set package 'final_project_description' build argument 'ament_cmake_args' from command line to 'None'
[0.259s] Level 5:colcon.colcon_core.verb:set package 'final_project_description' build argument 'catkin_cmake_args' from command line to 'None'
[0.259s] Level 5:colcon.colcon_core.verb:set package 'final_project_description' build argument 'catkin_skip_building_tests' from command line to 'False'
[0.259s] DEBUG:colcon.colcon_core.verb:Building package 'final_project_description' with the following arguments: {'ament_cmake_args': None, 'build_base': '/home/kuba/ROS2/ROS2_Gazebo_Final_Project/build/final_project_description', 'catkin_cmake_args': None, 'catkin_skip_building_tests': False, 'cmake_args': None, 'cmake_clean_cache': False, 'cmake_clean_first': False, 'cmake_force_configure': False, 'cmake_target': None, 'cmake_target_skip_unavailable': False, 'install_base': '/home/kuba/ROS2/ROS2_Gazebo_Final_Project/install/final_project_description', 'merge_install': False, 'path': '/home/kuba/ROS2/ROS2_Gazebo_Final_Project/src/final_project_description', 'symlink_install': False, 'test_result_base': None}
[0.259s] INFO:colcon.colcon_core.executor:Executing jobs using 'parallel' executor
[0.260s] DEBUG:colcon.colcon_parallel_executor.executor.parallel:run_until_complete
[0.260s] INFO:colcon.colcon_ros.task.ament_cmake.build:Building ROS package in '/home/kuba/ROS2/ROS2_Gazebo_Final_Project/src/final_project_description' with build type 'ament_cmake'
[0.261s] INFO:colcon.colcon_cmake.task.cmake.build:Building CMake package in '/home/kuba/ROS2/ROS2_Gazebo_Final_Project/src/final_project_description'
[0.262s] INFO:colcon.colcon_core.plugin_system:Skipping extension 'colcon_core.shell.bat': Not used on non-Windows systems
[0.262s] INFO:colcon.colcon_core.shell:Skip shell extension 'powershell' for command environment: Not usable outside of PowerShell
[0.262s] DEBUG:colcon.colcon_core.shell:Skip shell extension 'dsv' for command environment
[0.268s] DEBUG:colcon.colcon_core.event_handler.log_command:Invoking command in '/home/kuba/ROS2/ROS2_Gazebo_Final_Project/build/final_project_description': CMAKE_PREFIX_PATH=${CMAKE_PREFIX_PATH}:/opt/ros/humble /usr/bin/cmake /home/kuba/ROS2/ROS2_Gazebo_Final_Project/src/final_project_description -DCMAKE_INSTALL_PREFIX=/home/kuba/ROS2/ROS2_Gazebo_Final_Project/install/final_project_description
[0.671s] DEBUG:colcon.colcon_core.event_handler.log_command:Invoked command in '/home/kuba/ROS2/ROS2_Gazebo_Final_Project/build/final_project_description' returned '0': CMAKE_PREFIX_PATH=${CMAKE_PREFIX_PATH}:/opt/ros/humble /usr/bin/cmake /home/kuba/ROS2/ROS2_Gazebo_Final_Project/src/final_project_description -DCMAKE_INSTALL_PREFIX=/home/kuba/ROS2/ROS2_Gazebo_Final_Project/install/final_project_description
[0.672s] DEBUG:colcon.colcon_core.event_handler.log_command:Invoking command in '/home/kuba/ROS2/ROS2_Gazebo_Final_Project/build/final_project_description': CMAKE_PREFIX_PATH=${CMAKE_PREFIX_PATH}:/opt/ros/humble /usr/bin/cmake --build /home/kuba/ROS2/ROS2_Gazebo_Final_Project/build/final_project_description -- -j16 -l16
[0.696s] DEBUG:colcon.colcon_core.event_handler.log_command:Invoked command in '/home/kuba/ROS2/ROS2_Gazebo_Final_Project/build/final_project_description' returned '0': CMAKE_PREFIX_PATH=${CMAKE_PREFIX_PATH}:/opt/ros/humble /usr/bin/cmake --build /home/kuba/ROS2/ROS2_Gazebo_Final_Project/build/final_project_description -- -j16 -l16
[0.716s] DEBUG:colcon.colcon_core.event_handler.log_command:Invoking command in '/home/kuba/ROS2/ROS2_Gazebo_Final_Project/build/final_project_description': CMAKE_PREFIX_PATH=${CMAKE_PREFIX_PATH}:/opt/ros/humble /usr/bin/cmake --install /home/kuba/ROS2/ROS2_Gazebo_Final_Project/build/final_project_description
[0.724s] Level 1:colcon.colcon_core.environment:create_environment_scripts_only(final_project_description)
[0.724s] DEBUG:colcon.colcon_core.event_handler.log_command:Invoked command in '/home/kuba/ROS2/ROS2_Gazebo_Final_Project/build/final_project_description' returned '0': CMAKE_PREFIX_PATH=${CMAKE_PREFIX_PATH}:/opt/ros/humble /usr/bin/cmake --install /home/kuba/ROS2/ROS2_Gazebo_Final_Project/build/final_project_description
[0.726s] Level 1:colcon.colcon_core.environment:checking '/home/kuba/ROS2/ROS2_Gazebo_Final_Project/install/final_project_description' for CMake module files
[0.726s] Level 1:colcon.colcon_core.environment:checking '/home/kuba/ROS2/ROS2_Gazebo_Final_Project/install/final_project_description' for CMake config files
[0.726s] Level 1:colcon.colcon_core.shell:create_environment_hook('final_project_description', 'cmake_prefix_path')
[0.726s] INFO:colcon.colcon_core.shell:Creating environment hook '/home/kuba/ROS2/ROS2_Gazebo_Final_Project/install/final_project_description/share/final_project_description/hook/cmake_prefix_path.ps1'
[0.727s] INFO:colcon.colcon_core.shell:Creating environment descriptor '/home/kuba/ROS2/ROS2_Gazebo_Final_Project/install/final_project_description/share/final_project_description/hook/cmake_prefix_path.dsv'
[0.727s] INFO:colcon.colcon_core.shell:Creating environment hook '/home/kuba/ROS2/ROS2_Gazebo_Final_Project/install/final_project_description/share/final_project_description/hook/cmake_prefix_path.sh'
[0.728s] Level 1:colcon.colcon_core.environment:checking '/home/kuba/ROS2/ROS2_Gazebo_Final_Project/install/final_project_description/bin'
[0.728s] Level 1:colcon.colcon_core.environment:checking '/home/kuba/ROS2/ROS2_Gazebo_Final_Project/install/final_project_description/lib/pkgconfig/final_project_description.pc'
[0.728s] Level 1:colcon.colcon_core.environment:checking '/home/kuba/ROS2/ROS2_Gazebo_Final_Project/install/final_project_description/lib/python3.10/site-packages'
[0.728s] Level 1:colcon.colcon_core.environment:checking '/home/kuba/ROS2/ROS2_Gazebo_Final_Project/install/final_project_description/bin'
[0.728s] INFO:colcon.colcon_core.shell:Creating package script '/home/kuba/ROS2/ROS2_Gazebo_Final_Project/install/final_project_description/share/final_project_description/package.ps1'
[0.729s] INFO:colcon.colcon_core.shell:Creating package descriptor '/home/kuba/ROS2/ROS2_Gazebo_Final_Project/install/final_project_description/share/final_project_description/package.dsv'
[0.729s] INFO:colcon.colcon_core.shell:Creating package script '/home/kuba/ROS2/ROS2_Gazebo_Final_Project/install/final_project_description/share/final_project_description/package.sh'
[0.730s] INFO:colcon.colcon_core.shell:Creating package script '/home/kuba/ROS2/ROS2_Gazebo_Final_Project/install/final_project_description/share/final_project_description/package.bash'
[0.730s] INFO:colcon.colcon_core.shell:Creating package script '/home/kuba/ROS2/ROS2_Gazebo_Final_Project/install/final_project_description/share/final_project_description/package.zsh'
[0.731s] Level 1:colcon.colcon_core.environment:create_file_with_runtime_dependencies(/home/kuba/ROS2/ROS2_Gazebo_Final_Project/install/final_project_description/share/colcon-core/packages/final_project_description)
[0.744s] Level 1:colcon.colcon_core.environment:create_environment_scripts_only(final_project_description)
[0.745s] Level 1:colcon.colcon_core.environment:checking '/home/kuba/ROS2/ROS2_Gazebo_Final_Project/install/final_project_description' for CMake module files
[0.745s] Level 1:colcon.colcon_core.environment:checking '/home/kuba/ROS2/ROS2_Gazebo_Final_Project/install/final_project_description' for CMake config files
[0.745s] Level 1:colcon.colcon_core.shell:create_environment_hook('final_project_description', 'cmake_prefix_path')
[0.745s] INFO:colcon.colcon_core.shell:Creating environment hook '/home/kuba/ROS2/ROS2_Gazebo_Final_Project/install/final_project_description/share/final_project_description/hook/cmake_prefix_path.ps1'
[0.746s] INFO:colcon.colcon_core.shell:Creating environment descriptor '/home/kuba/ROS2/ROS2_Gazebo_Final_Project/install/final_project_description/share/final_project_description/hook/cmake_prefix_path.dsv'
[0.746s] INFO:colcon.colcon_core.shell:Creating environment hook '/home/kuba/ROS2/ROS2_Gazebo_Final_Project/install/final_project_description/share/final_project_description/hook/cmake_prefix_path.sh'
[0.746s] Level 1:colcon.colcon_core.environment:checking '/home/kuba/ROS2/ROS2_Gazebo_Final_Project/install/final_project_description/bin'
[0.746s] Level 1:colcon.colcon_core.environment:checking '/home/kuba/ROS2/ROS2_Gazebo_Final_Project/install/final_project_description/lib/pkgconfig/final_project_description.pc'
[0.746s] Level 1:colcon.colcon_core.environment:checking '/home/kuba/ROS2/ROS2_Gazebo_Final_Project/install/final_project_description/lib/python3.10/site-packages'
[0.746s] Level 1:colcon.colcon_core.environment:checking '/home/kuba/ROS2/ROS2_Gazebo_Final_Project/install/final_project_description/bin'
[0.747s] INFO:colcon.colcon_core.shell:Creating package script '/home/kuba/ROS2/ROS2_Gazebo_Final_Project/install/final_project_description/share/final_project_description/package.ps1'
[0.747s] INFO:colcon.colcon_core.shell:Creating package descriptor '/home/kuba/ROS2/ROS2_Gazebo_Final_Project/install/final_project_description/share/final_project_description/package.dsv'
[0.747s] INFO:colcon.colcon_core.shell:Creating package script '/home/kuba/ROS2/ROS2_Gazebo_Final_Project/install/final_project_description/share/final_project_description/package.sh'
[0.748s] INFO:colcon.colcon_core.shell:Creating package script '/home/kuba/ROS2/ROS2_Gazebo_Final_Project/install/final_project_description/share/final_project_description/package.bash'
[0.748s] INFO:colcon.colcon_core.shell:Creating package script '/home/kuba/ROS2/ROS2_Gazebo_Final_Project/install/final_project_description/share/final_project_description/package.zsh'
[0.748s] Level 1:colcon.colcon_core.environment:create_file_with_runtime_dependencies(/home/kuba/ROS2/ROS2_Gazebo_Final_Project/install/final_project_description/share/colcon-core/packages/final_project_description)
[0.748s] DEBUG:colcon.colcon_parallel_executor.executor.parallel:closing loop
[0.749s] DEBUG:colcon.colcon_parallel_executor.executor.parallel:loop closed
[0.749s] DEBUG:colcon.colcon_parallel_executor.executor.parallel:run_until_complete finished with '0'
[0.749s] DEBUG:colcon.colcon_core.event_reactor:joining thread
[0.752s] INFO:colcon.colcon_core.plugin_system:Skipping extension 'colcon_notification.desktop_notification.terminal_notifier': Not used on non-Darwin systems
[0.752s] INFO:colcon.colcon_core.plugin_system:Skipping extension 'colcon_notification.desktop_notification.win32': Not used on non-Windows systems
[0.753s] INFO:colcon.colcon_notification.desktop_notification:Sending desktop notification using 'notify2'
[0.761s] DEBUG:colcon.colcon_core.event_reactor:joined thread
[0.762s] INFO:colcon.colcon_core.shell:Creating prefix script '/home/kuba/ROS2/ROS2_Gazebo_Final_Project/install/local_setup.ps1'
[0.763s] INFO:colcon.colcon_core.shell:Creating prefix util module '/home/kuba/ROS2/ROS2_Gazebo_Final_Project/install/_local_setup_util_ps1.py'
[0.764s] INFO:colcon.colcon_core.shell:Creating prefix chain script '/home/kuba/ROS2/ROS2_Gazebo_Final_Project/install/setup.ps1'
[0.765s] INFO:colcon.colcon_core.shell:Creating prefix script '/home/kuba/ROS2/ROS2_Gazebo_Final_Project/install/local_setup.sh'
[0.765s] INFO:colcon.colcon_core.shell:Creating prefix util module '/home/kuba/ROS2/ROS2_Gazebo_Final_Project/install/_local_setup_util_sh.py'
[0.766s] INFO:colcon.colcon_core.shell:Creating prefix chain script '/home/kuba/ROS2/ROS2_Gazebo_Final_Project/install/setup.sh'
[0.767s] INFO:colcon.colcon_core.shell:Creating prefix script '/home/kuba/ROS2/ROS2_Gazebo_Final_Project/install/local_setup.bash'
[0.767s] INFO:colcon.colcon_core.shell:Creating prefix chain script '/home/kuba/ROS2/ROS2_Gazebo_Final_Project/install/setup.bash'
[0.768s] INFO:colcon.colcon_core.shell:Creating prefix script '/home/kuba/ROS2/ROS2_Gazebo_Final_Project/install/local_setup.zsh'
[0.769s] INFO:colcon.colcon_core.shell:Creating prefix chain script '/home/kuba/ROS2/ROS2_Gazebo_Final_Project/install/setup.zsh'
