-- Found ament_cmake: 1.3.10 (/opt/ros/humble/share/ament_cmake/cmake)
-- Override CMake install command with custom implementation using symlinks instead of copying resources
-- Configuring done
-- Generating done
-- Build files have been written to: /home/kuba/ROS2/ROS2_Gazebo_Final_Project/build/final_project_description
-- Install configuration: ""
-- Execute custom install script
-- Symlinking: /home/kuba/ROS2/ROS2_Gazebo_Final_Project/install/final_project_description/share/final_project_description//urdf/common_properties_final.xacro
-- Symlinking: /home/kuba/ROS2/ROS2_Gazebo_Final_Project/install/final_project_description/share/final_project_description//urdf/mobile_base_final.xacro
-- Symlinking: /home/kuba/ROS2/ROS2_Gazebo_Final_Project/install/final_project_description/share/final_project_description//urdf/mobile_base_gazebo_final.xacro
-- Symlinking: /home/kuba/ROS2/ROS2_Gazebo_Final_Project/install/final_project_description/share/final_project_description//urdf/my_robot_final.xacro
-- Symlinking: /home/kuba/ROS2/ROS2_Gazebo_Final_Project/install/final_project_description/share/final_project_description//launch/display.launch.xml
-- Symlinking: /home/kuba/ROS2/ROS2_Gazebo_Final_Project/install/final_project_description/share/ament_index/resource_index/package_run_dependencies/final_project_description
-- Symlinking: /home/kuba/ROS2/ROS2_Gazebo_Final_Project/install/final_project_description/share/ament_index/resource_index/parent_prefix_path/final_project_description
-- Symlinking: /home/kuba/ROS2/ROS2_Gazebo_Final_Project/install/final_project_description/share/final_project_description/environment/ament_prefix_path.sh
-- Symlinking: /home/kuba/ROS2/ROS2_Gazebo_Final_Project/install/final_project_description/share/final_project_description/environment/ament_prefix_path.dsv
-- Symlinking: /home/kuba/ROS2/ROS2_Gazebo_Final_Project/install/final_project_description/share/final_project_description/environment/path.sh
-- Symlinking: /home/kuba/ROS2/ROS2_Gazebo_Final_Project/install/final_project_description/share/final_project_description/environment/path.dsv
-- Symlinking: /home/kuba/ROS2/ROS2_Gazebo_Final_Project/install/final_project_description/share/final_project_description/local_setup.bash
-- Symlinking: /home/kuba/ROS2/ROS2_Gazebo_Final_Project/install/final_project_description/share/final_project_description/local_setup.sh
-- Symlinking: /home/kuba/ROS2/ROS2_Gazebo_Final_Project/install/final_project_description/share/final_project_description/local_setup.zsh
-- Symlinking: /home/kuba/ROS2/ROS2_Gazebo_Final_Project/install/final_project_description/share/final_project_description/local_setup.dsv
-- Symlinking: /home/kuba/ROS2/ROS2_Gazebo_Final_Project/install/final_project_description/share/final_project_description/package.dsv
-- Symlinking: /home/kuba/ROS2/ROS2_Gazebo_Final_Project/install/final_project_description/share/ament_index/resource_index/packages/final_project_description
-- Symlinking: /home/kuba/ROS2/ROS2_Gazebo_Final_Project/install/final_project_description/share/final_project_description/cmake/final_project_descriptionConfig.cmake
-- Symlinking: /home/kuba/ROS2/ROS2_Gazebo_Final_Project/install/final_project_description/share/final_project_description/cmake/final_project_descriptionConfig-version.cmake
-- Symlinking: /home/kuba/ROS2/ROS2_Gazebo_Final_Project/install/final_project_description/share/final_project_description/package.xml
