[0.007s] Invoking command in '/home/kuba/ROS2/ROS2_Gazebo_Final_Project/build/final_project_description': CMAKE_PREFIX_PATH=${CMAKE_PREFIX_PATH}:/opt/ros/humble /usr/bin/cmake /home/kuba/ROS2/ROS2_Gazebo_Final_Project/src/final_project_description -DAMENT_CMAKE_SYMLINK_INSTALL=1 -DCMAKE_INSTALL_PREFIX=/home/kuba/ROS2/ROS2_Gazebo_Final_Project/install/final_project_description
[0.016s] -- Found ament_cmake: 1.3.10 (/opt/ros/humble/share/ament_cmake/cmake)
[0.095s] -- Override CMake install command with custom implementation using symlinks instead of copying resources
[0.146s] -- Configuring done
[0.148s] -- Generating done
[0.148s] -- Build files have been written to: /home/kuba/ROS2/ROS2_Gazebo_Final_Project/build/final_project_description
[0.150s] Invoked command in '/home/kuba/ROS2/ROS2_Gazebo_Final_Project/build/final_project_description' returned '0': CMAKE_PREFIX_PATH=${CMAKE_PREFIX_PATH}:/opt/ros/humble /usr/bin/cmake /home/kuba/ROS2/ROS2_Gazebo_Final_Project/src/final_project_description -DAMENT_CMAKE_SYMLINK_INSTALL=1 -DCMAKE_INSTALL_PREFIX=/home/kuba/ROS2/ROS2_Gazebo_Final_Project/install/final_project_description
[0.151s] Invoking command in '/home/kuba/ROS2/ROS2_Gazebo_Final_Project/build/final_project_description': CMAKE_PREFIX_PATH=${CMAKE_PREFIX_PATH}:/opt/ros/humble /usr/bin/cmake --build /home/kuba/ROS2/ROS2_Gazebo_Final_Project/build/final_project_description -- -j16 -l16
[0.175s] Invoked command in '/home/kuba/ROS2/ROS2_Gazebo_Final_Project/build/final_project_description' returned '0': CMAKE_PREFIX_PATH=${CMAKE_PREFIX_PATH}:/opt/ros/humble /usr/bin/cmake --build /home/kuba/ROS2/ROS2_Gazebo_Final_Project/build/final_project_description -- -j16 -l16
[0.195s] Invoking command in '/home/kuba/ROS2/ROS2_Gazebo_Final_Project/build/final_project_description': CMAKE_PREFIX_PATH=${CMAKE_PREFIX_PATH}:/opt/ros/humble /usr/bin/cmake --install /home/kuba/ROS2/ROS2_Gazebo_Final_Project/build/final_project_description
[0.200s] -- Install configuration: ""
[0.201s] -- Execute custom install script
[0.201s] -- Symlinking: /home/kuba/ROS2/ROS2_Gazebo_Final_Project/install/final_project_description/share/final_project_description//urdf/common_properties_final.xacro
[0.208s] -- Symlinking: /home/kuba/ROS2/ROS2_Gazebo_Final_Project/install/final_project_description/share/final_project_description//urdf/mobile_base_final.xacro
[0.215s] -- Symlinking: /home/kuba/ROS2/ROS2_Gazebo_Final_Project/install/final_project_description/share/final_project_description//urdf/mobile_base_gazebo_final.xacro
[0.223s] -- Symlinking: /home/kuba/ROS2/ROS2_Gazebo_Final_Project/install/final_project_description/share/final_project_description//urdf/my_robot_final.xacro
[0.231s] -- Symlinking: /home/kuba/ROS2/ROS2_Gazebo_Final_Project/install/final_project_description/share/final_project_description//launch/display.launch.xml
[0.236s] -- Symlinking: /home/kuba/ROS2/ROS2_Gazebo_Final_Project/install/final_project_description/share/ament_index/resource_index/package_run_dependencies/final_project_description
[0.242s] -- Symlinking: /home/kuba/ROS2/ROS2_Gazebo_Final_Project/install/final_project_description/share/ament_index/resource_index/parent_prefix_path/final_project_description
[0.247s] -- Symlinking: /home/kuba/ROS2/ROS2_Gazebo_Final_Project/install/final_project_description/share/final_project_description/environment/ament_prefix_path.sh
[0.252s] -- Symlinking: /home/kuba/ROS2/ROS2_Gazebo_Final_Project/install/final_project_description/share/final_project_description/environment/ament_prefix_path.dsv
[0.257s] -- Symlinking: /home/kuba/ROS2/ROS2_Gazebo_Final_Project/install/final_project_description/share/final_project_description/environment/path.sh
[0.263s] -- Symlinking: /home/kuba/ROS2/ROS2_Gazebo_Final_Project/install/final_project_description/share/final_project_description/environment/path.dsv
[0.268s] -- Symlinking: /home/kuba/ROS2/ROS2_Gazebo_Final_Project/install/final_project_description/share/final_project_description/local_setup.bash
[0.273s] -- Symlinking: /home/kuba/ROS2/ROS2_Gazebo_Final_Project/install/final_project_description/share/final_project_description/local_setup.sh
[0.278s] -- Symlinking: /home/kuba/ROS2/ROS2_Gazebo_Final_Project/install/final_project_description/share/final_project_description/local_setup.zsh
[0.283s] -- Symlinking: /home/kuba/ROS2/ROS2_Gazebo_Final_Project/install/final_project_description/share/final_project_description/local_setup.dsv
[0.289s] -- Symlinking: /home/kuba/ROS2/ROS2_Gazebo_Final_Project/install/final_project_description/share/final_project_description/package.dsv
[0.294s] -- Symlinking: /home/kuba/ROS2/ROS2_Gazebo_Final_Project/install/final_project_description/share/ament_index/resource_index/packages/final_project_description
[0.299s] -- Symlinking: /home/kuba/ROS2/ROS2_Gazebo_Final_Project/install/final_project_description/share/final_project_description/cmake/final_project_descriptionConfig.cmake
[0.305s] -- Symlinking: /home/kuba/ROS2/ROS2_Gazebo_Final_Project/install/final_project_description/share/final_project_description/cmake/final_project_descriptionConfig-version.cmake
[0.310s] -- Symlinking: /home/kuba/ROS2/ROS2_Gazebo_Final_Project/install/final_project_description/share/final_project_description/package.xml
[0.316s] Invoked command in '/home/kuba/ROS2/ROS2_Gazebo_Final_Project/build/final_project_description' returned '0': CMAKE_PREFIX_PATH=${CMAKE_PREFIX_PATH}:/opt/ros/humble /usr/bin/cmake --install /home/kuba/ROS2/ROS2_Gazebo_Final_Project/build/final_project_description
