-- Install configuration: ""
-- Execute custom install script
-- Symlinking: /home/kuba/ROS2/ROS2_Gazebo_Final_Project/install/final_project_bringup/share/final_project_bringup//launch/my_robot_gazebo_final.launch.xml
-- Up-to-date symlink: /home/kuba/ROS2/ROS2_Gazebo_Final_Project/install/final_project_bringup/share/final_project_bringup//rviz/rviz_config_final.rviz
-- Up-to-date symlink: /home/kuba/ROS2/ROS2_Gazebo_Final_Project/install/final_project_bringup/share/final_project_bringup//worlds/main.world
-- Up-to-date symlink: /home/kuba/ROS2/ROS2_Gazebo_Final_Project/install/final_project_bringup/share/ament_index/resource_index/package_run_dependencies/final_project_bringup
-- Up-to-date symlink: /home/kuba/ROS2/ROS2_Gazebo_Final_Project/install/final_project_bringup/share/ament_index/resource_index/parent_prefix_path/final_project_bringup
-- Up-to-date symlink: /home/kuba/ROS2/ROS2_Gazebo_Final_Project/install/final_project_bringup/share/final_project_bringup/environment/ament_prefix_path.sh
-- Up-to-date symlink: /home/kuba/ROS2/ROS2_Gazebo_Final_Project/install/final_project_bringup/share/final_project_bringup/environment/ament_prefix_path.dsv
-- Up-to-date symlink: /home/kuba/ROS2/ROS2_Gazebo_Final_Project/install/final_project_bringup/share/final_project_bringup/environment/path.sh
-- Up-to-date symlink: /home/kuba/ROS2/ROS2_Gazebo_Final_Project/install/final_project_bringup/share/final_project_bringup/environment/path.dsv
-- Up-to-date symlink: /home/kuba/ROS2/ROS2_Gazebo_Final_Project/install/final_project_bringup/share/final_project_bringup/local_setup.bash
-- Up-to-date symlink: /home/kuba/ROS2/ROS2_Gazebo_Final_Project/install/final_project_bringup/share/final_project_bringup/local_setup.sh
-- Up-to-date symlink: /home/kuba/ROS2/ROS2_Gazebo_Final_Project/install/final_project_bringup/share/final_project_bringup/local_setup.zsh
-- Up-to-date symlink: /home/kuba/ROS2/ROS2_Gazebo_Final_Project/install/final_project_bringup/share/final_project_bringup/local_setup.dsv
-- Symlinking: /home/kuba/ROS2/ROS2_Gazebo_Final_Project/install/final_project_bringup/share/final_project_bringup/package.dsv
-- Up-to-date symlink: /home/kuba/ROS2/ROS2_Gazebo_Final_Project/install/final_project_bringup/share/ament_index/resource_index/packages/final_project_bringup
-- Up-to-date symlink: /home/kuba/ROS2/ROS2_Gazebo_Final_Project/install/final_project_bringup/share/final_project_bringup/cmake/final_project_bringupConfig.cmake
-- Up-to-date symlink: /home/kuba/ROS2/ROS2_Gazebo_Final_Project/install/final_project_bringup/share/final_project_bringup/cmake/final_project_bringupConfig-version.cmake
-- Up-to-date symlink: /home/kuba/ROS2/ROS2_Gazebo_Final_Project/install/final_project_bringup/share/final_project_bringup/package.xml
