[0.011s] Invoking command in '/home/kuba/ROS2/ROS2_Gazebo_Final_Project/build/final_project_bringup': CMAKE_PREFIX_PATH=${CMAKE_PREFIX_PATH}:/opt/ros/humble /usr/bin/cmake --build /home/kuba/ROS2/ROS2_Gazebo_Final_Project/build/final_project_bringup -- -j16 -l16
[0.038s] Invoked command in '/home/kuba/ROS2/ROS2_Gazebo_Final_Project/build/final_project_bringup' returned '0': CMAKE_PREFIX_PATH=${CMAKE_PREFIX_PATH}:/opt/ros/humble /usr/bin/cmake --build /home/kuba/ROS2/ROS2_Gazebo_Final_Project/build/final_project_bringup -- -j16 -l16
[0.059s] Invoking command in '/home/kuba/ROS2/ROS2_Gazebo_Final_Project/build/final_project_bringup': CMAKE_PREFIX_PATH=${CMAKE_PREFIX_PATH}:/opt/ros/humble /usr/bin/cmake --install /home/kuba/ROS2/ROS2_Gazebo_Final_Project/build/final_project_bringup
[0.064s] -- Install configuration: ""
[0.064s] -- Execute custom install script
[0.064s] -- Symlinking: /home/kuba/ROS2/ROS2_Gazebo_Final_Project/install/final_project_bringup/share/final_project_bringup//launch/my_robot_gazebo_final.launch.xml
[0.071s] -- Up-to-date symlink: /home/kuba/ROS2/ROS2_Gazebo_Final_Project/install/final_project_bringup/share/final_project_bringup//rviz/rviz_config_final.rviz
[0.071s] -- Up-to-date symlink: /home/kuba/ROS2/ROS2_Gazebo_Final_Project/install/final_project_bringup/share/final_project_bringup//worlds/main.world
[0.071s] -- Up-to-date symlink: /home/kuba/ROS2/ROS2_Gazebo_Final_Project/install/final_project_bringup/share/ament_index/resource_index/package_run_dependencies/final_project_bringup
[0.071s] -- Up-to-date symlink: /home/kuba/ROS2/ROS2_Gazebo_Final_Project/install/final_project_bringup/share/ament_index/resource_index/parent_prefix_path/final_project_bringup
[0.071s] -- Up-to-date symlink: /home/kuba/ROS2/ROS2_Gazebo_Final_Project/install/final_project_bringup/share/final_project_bringup/environment/ament_prefix_path.sh
[0.071s] -- Up-to-date symlink: /home/kuba/ROS2/ROS2_Gazebo_Final_Project/install/final_project_bringup/share/final_project_bringup/environment/ament_prefix_path.dsv
[0.072s] -- Up-to-date symlink: /home/kuba/ROS2/ROS2_Gazebo_Final_Project/install/final_project_bringup/share/final_project_bringup/environment/path.sh
[0.072s] -- Up-to-date symlink: /home/kuba/ROS2/ROS2_Gazebo_Final_Project/install/final_project_bringup/share/final_project_bringup/environment/path.dsv
[0.072s] -- Up-to-date symlink: /home/kuba/ROS2/ROS2_Gazebo_Final_Project/install/final_project_bringup/share/final_project_bringup/local_setup.bash
[0.072s] -- Up-to-date symlink: /home/kuba/ROS2/ROS2_Gazebo_Final_Project/install/final_project_bringup/share/final_project_bringup/local_setup.sh
[0.072s] -- Up-to-date symlink: /home/kuba/ROS2/ROS2_Gazebo_Final_Project/install/final_project_bringup/share/final_project_bringup/local_setup.zsh
[0.072s] -- Up-to-date symlink: /home/kuba/ROS2/ROS2_Gazebo_Final_Project/install/final_project_bringup/share/final_project_bringup/local_setup.dsv
[0.072s] -- Symlinking: /home/kuba/ROS2/ROS2_Gazebo_Final_Project/install/final_project_bringup/share/final_project_bringup/package.dsv
[0.078s] -- Up-to-date symlink: /home/kuba/ROS2/ROS2_Gazebo_Final_Project/install/final_project_bringup/share/ament_index/resource_index/packages/final_project_bringup
[0.078s] -- Up-to-date symlink: /home/kuba/ROS2/ROS2_Gazebo_Final_Project/install/final_project_bringup/share/final_project_bringup/cmake/final_project_bringupConfig.cmake
[0.079s] -- Up-to-date symlink: /home/kuba/ROS2/ROS2_Gazebo_Final_Project/install/final_project_bringup/share/final_project_bringup/cmake/final_project_bringupConfig-version.cmake
[0.079s] -- Up-to-date symlink: /home/kuba/ROS2/ROS2_Gazebo_Final_Project/install/final_project_bringup/share/final_project_bringup/package.xml
[0.084s] Invoked command in '/home/kuba/ROS2/ROS2_Gazebo_Final_Project/build/final_project_bringup' returned '0': CMAKE_PREFIX_PATH=${CMAKE_PREFIX_PATH}:/opt/ros/humble /usr/bin/cmake --install /home/kuba/ROS2/ROS2_Gazebo_Final_Project/build/final_project_bringup
