-- Install configuration: ""
-- Execute custom install script
-- Up-to-date symlink: /home/kuba/ROS2/ROS2_Gazebo_Final_Project/install/final_project_description/share/final_project_description//urdf/common_properties_final.xacro
-- Up-to-date symlink: /home/kuba/ROS2/ROS2_Gazebo_Final_Project/install/final_project_description/share/final_project_description//urdf/mobile_base_final.xacro
-- Up-to-date symlink: /home/kuba/ROS2/ROS2_Gazebo_Final_Project/install/final_project_description/share/final_project_description//urdf/mobile_base_gazebo_final.xacro
-- Up-to-date symlink: /home/kuba/ROS2/ROS2_Gazebo_Final_Project/install/final_project_description/share/final_project_description//urdf/my_robot_final.xacro
-- Symlinking: /home/kuba/ROS2/ROS2_Gazebo_Final_Project/install/final_project_description/share/final_project_description//urdf/robotic_arm_final.xacro
-- Up-to-date symlink: /home/kuba/ROS2/ROS2_Gazebo_Final_Project/install/final_project_description/share/final_project_description//launch/display_final.launch.xml
-- Up-to-date symlink: /home/kuba/ROS2/ROS2_Gazebo_Final_Project/install/final_project_description/share/final_project_description//rviz/rviz_config_final.rviz
-- Up-to-date symlink: /home/kuba/ROS2/ROS2_Gazebo_Final_Project/install/final_project_description/share/ament_index/resource_index/package_run_dependencies/final_project_description
-- Up-to-date symlink: /home/kuba/ROS2/ROS2_Gazebo_Final_Project/install/final_project_description/share/ament_index/resource_index/parent_prefix_path/final_project_description
-- Up-to-date symlink: /home/kuba/ROS2/ROS2_Gazebo_Final_Project/install/final_project_description/share/final_project_description/environment/ament_prefix_path.sh
-- Up-to-date symlink: /home/kuba/ROS2/ROS2_Gazebo_Final_Project/install/final_project_description/share/final_project_description/environment/ament_prefix_path.dsv
-- Up-to-date symlink: /home/kuba/ROS2/ROS2_Gazebo_Final_Project/install/final_project_description/share/final_project_description/environment/path.sh
-- Up-to-date symlink: /home/kuba/ROS2/ROS2_Gazebo_Final_Project/install/final_project_description/share/final_project_description/environment/path.dsv
-- Up-to-date symlink: /home/kuba/ROS2/ROS2_Gazebo_Final_Project/install/final_project_description/share/final_project_description/local_setup.bash
-- Up-to-date symlink: /home/kuba/ROS2/ROS2_Gazebo_Final_Project/install/final_project_description/share/final_project_description/local_setup.sh
-- Up-to-date symlink: /home/kuba/ROS2/ROS2_Gazebo_Final_Project/install/final_project_description/share/final_project_description/local_setup.zsh
-- Up-to-date symlink: /home/kuba/ROS2/ROS2_Gazebo_Final_Project/install/final_project_description/share/final_project_description/local_setup.dsv
-- Symlinking: /home/kuba/ROS2/ROS2_Gazebo_Final_Project/install/final_project_description/share/final_project_description/package.dsv
-- Up-to-date symlink: /home/kuba/ROS2/ROS2_Gazebo_Final_Project/install/final_project_description/share/ament_index/resource_index/packages/final_project_description
-- Up-to-date symlink: /home/kuba/ROS2/ROS2_Gazebo_Final_Project/install/final_project_description/share/final_project_description/cmake/final_project_descriptionConfig.cmake
-- Up-to-date symlink: /home/kuba/ROS2/ROS2_Gazebo_Final_Project/install/final_project_description/share/final_project_description/cmake/final_project_descriptionConfig-version.cmake
-- Up-to-date symlink: /home/kuba/ROS2/ROS2_Gazebo_Final_Project/install/final_project_description/share/final_project_description/package.xml
